2021-09-16 10:27:51.242  INFO 25576 --- [restartedMain] l.e.springchat.SpringChatApplication     : Starting SpringChatApplication using Java 11.0.11 on DESKTOP-KVEM20S with PID 25576 (C:\Users\JoshuaMcCann\IdeaProjects\spring-chat-example\server\target\classes started by JoshuaMcCann in C:\Users\JoshuaMcCann\IdeaProjects\spring-chat-example\server)
2021-09-16 10:27:51.244  INFO 25576 --- [restartedMain] l.e.springchat.SpringChatApplication     : No active profile set, falling back to default profiles: default
2021-09-16 10:27:51.276  INFO 25576 --- [restartedMain] .e.DevToolsPropertyDefaultsPostProcessor : Devtools property defaults active! Set 'spring.devtools.add-properties' to 'false' to disable
2021-09-16 10:27:51.277  INFO 25576 --- [restartedMain] .e.DevToolsPropertyDefaultsPostProcessor : For additional web related logging consider setting the 'logging.level.web' property to 'DEBUG'
2021-09-16 10:27:51.975  INFO 25576 --- [restartedMain] o.s.b.w.embedded.tomcat.TomcatWebServer  : Tomcat initialized with port(s): 8080 (http)
2021-09-16 10:27:51.981  INFO 25576 --- [restartedMain] o.apache.catalina.core.StandardService   : Starting service [Tomcat]
2021-09-16 10:27:51.981  INFO 25576 --- [restartedMain] org.apache.catalina.core.StandardEngine  : Starting Servlet engine: [Apache Tomcat/9.0.52]
2021-09-16 10:27:52.036  INFO 25576 --- [restartedMain] o.a.c.c.C.[Tomcat].[localhost].[/]       : Initializing Spring embedded WebApplicationContext
2021-09-16 10:27:52.037  INFO 25576 --- [restartedMain] w.s.c.ServletWebServerApplicationContext : Root WebApplicationContext: initialization completed in 759 ms
2021-09-16 10:27:52.219  INFO 25576 --- [restartedMain] .s.s.UserDetailsServiceAutoConfiguration : 

Using generated security password: 2575f81f-168d-443f-81ee-4e70054f9665

2021-09-16 10:27:52.272  INFO 25576 --- [restartedMain] o.s.s.web.DefaultSecurityFilterChain     : Will secure any request with [org.springframework.security.web.context.request.async.WebAsyncManagerIntegrationFilter@428675a0, org.springframework.security.web.context.SecurityContextPersistenceFilter@8a99870, org.springframework.security.web.header.HeaderWriterFilter@3ef6d3b0, org.springframework.security.web.authentication.logout.LogoutFilter@22ea59d4, org.springframework.security.web.savedrequest.RequestCacheAwareFilter@20bcbf8b, org.springframework.security.web.servletapi.SecurityContextHolderAwareRequestFilter@1475e42e, org.springframework.security.web.authentication.AnonymousAuthenticationFilter@7da3605d, org.springframework.security.web.session.SessionManagementFilter@6d802d47, org.springframework.security.web.access.ExceptionTranslationFilter@10d3007a, org.springframework.security.web.access.intercept.FilterSecurityInterceptor@54d3c042, learn.example.springchat.config.JwtAuthenticationFilter@1bec9d0c]
2021-09-16 10:27:52.453  INFO 25576 --- [restartedMain] o.s.b.d.a.OptionalLiveReloadServer       : LiveReload server is running on port 35729
2021-09-16 10:27:52.478  INFO 25576 --- [restartedMain] o.s.b.w.embedded.tomcat.TomcatWebServer  : Tomcat started on port(s): 8080 (http) with context path ''
2021-09-16 10:27:52.480  INFO 25576 --- [restartedMain] o.s.m.s.b.SimpleBrokerMessageHandler     : Starting...
2021-09-16 10:27:52.480  INFO 25576 --- [restartedMain] o.s.m.s.b.SimpleBrokerMessageHandler     : BrokerAvailabilityEvent[available=true, SimpleBrokerMessageHandler [org.springframework.messaging.simp.broker.DefaultSubscriptionRegistry@2258ed6a]]
2021-09-16 10:27:52.480  INFO 25576 --- [restartedMain] o.s.m.s.b.SimpleBrokerMessageHandler     : Started.
2021-09-16 10:27:52.488  INFO 25576 --- [restartedMain] l.e.springchat.SpringChatApplication     : Started SpringChatApplication in 1.527 seconds (JVM running for 2.209)
2021-09-16 10:27:57.380  INFO 25576 --- [http-nio-8080-exec-1] o.a.c.c.C.[Tomcat].[localhost].[/]       : Initializing Spring DispatcherServlet 'dispatcherServlet'
2021-09-16 10:27:57.382  INFO 25576 --- [http-nio-8080-exec-1] o.s.web.servlet.DispatcherServlet        : Initializing Servlet 'dispatcherServlet'
2021-09-16 10:27:57.382  INFO 25576 --- [http-nio-8080-exec-1] o.s.web.servlet.DispatcherServlet        : Completed initialization in 0 ms
2021-09-16 10:28:05.241  INFO 25576 --- [SpringApplicationShutdownHook] o.s.m.s.b.SimpleBrokerMessageHandler     : Stopping...
2021-09-16 10:28:05.242  INFO 25576 --- [SpringApplicationShutdownHook] o.s.m.s.b.SimpleBrokerMessageHandler     : BrokerAvailabilityEvent[available=false, SimpleBrokerMessageHandler [org.springframework.messaging.simp.broker.DefaultSubscriptionRegistry@2258ed6a]]
2021-09-16 10:28:05.242  INFO 25576 --- [SpringApplicationShutdownHook] o.s.m.s.b.SimpleBrokerMessageHandler     : Stopped.
2021-09-16 10:29:58.232  INFO 23836 --- [restartedMain] l.e.springchat.SpringChatApplication     : Starting SpringChatApplication using Java 11.0.11 on DESKTOP-KVEM20S with PID 23836 (C:\Users\JoshuaMcCann\IdeaProjects\spring-chat-example\server\target\classes started by JoshuaMcCann in C:\Users\JoshuaMcCann\IdeaProjects\spring-chat-example\server)
2021-09-16 10:29:58.234  INFO 23836 --- [restartedMain] l.e.springchat.SpringChatApplication     : No active profile set, falling back to default profiles: default
2021-09-16 10:29:58.263  INFO 23836 --- [restartedMain] .e.DevToolsPropertyDefaultsPostProcessor : Devtools property defaults active! Set 'spring.devtools.add-properties' to 'false' to disable
2021-09-16 10:29:58.263  INFO 23836 --- [restartedMain] .e.DevToolsPropertyDefaultsPostProcessor : For additional web related logging consider setting the 'logging.level.web' property to 'DEBUG'
2021-09-16 10:29:58.899  INFO 23836 --- [restartedMain] o.s.b.w.embedded.tomcat.TomcatWebServer  : Tomcat initialized with port(s): 8080 (http)
2021-09-16 10:29:58.905  INFO 23836 --- [restartedMain] o.apache.catalina.core.StandardService   : Starting service [Tomcat]
2021-09-16 10:29:58.905  INFO 23836 --- [restartedMain] org.apache.catalina.core.StandardEngine  : Starting Servlet engine: [Apache Tomcat/9.0.52]
2021-09-16 10:29:58.961  INFO 23836 --- [restartedMain] o.a.c.c.C.[Tomcat].[localhost].[/]       : Initializing Spring embedded WebApplicationContext
2021-09-16 10:29:58.962  INFO 23836 --- [restartedMain] w.s.c.ServletWebServerApplicationContext : Root WebApplicationContext: initialization completed in 699 ms
2021-09-16 10:29:59.068  INFO 23836 --- [restartedMain] .s.s.UserDetailsServiceAutoConfiguration : 

Using generated security password: 07bd0f70-5f48-4066-aa0d-2d7ad9842c5f

2021-09-16 10:29:59.123  INFO 23836 --- [restartedMain] o.s.s.web.DefaultSecurityFilterChain     : Will secure any request with [org.springframework.security.web.context.request.async.WebAsyncManagerIntegrationFilter@76c5dc3c, org.springframework.security.web.context.SecurityContextPersistenceFilter@7ba0bd2d, org.springframework.security.web.header.HeaderWriterFilter@4cd380a8, org.springframework.security.web.csrf.CsrfFilter@2f037115, org.springframework.security.web.authentication.logout.LogoutFilter@510dc019, org.springframework.security.web.authentication.UsernamePasswordAuthenticationFilter@1d75bfc6, org.springframework.security.web.authentication.ui.DefaultLoginPageGeneratingFilter@407bd88a, org.springframework.security.web.authentication.ui.DefaultLogoutPageGeneratingFilter@167ac402, org.springframework.security.web.authentication.www.BasicAuthenticationFilter@14f788a5, org.springframework.security.web.savedrequest.RequestCacheAwareFilter@45ca28b4, org.springframework.security.web.servletapi.SecurityContextHolderAwareRequestFilter@50f660e3, org.springframework.security.web.authentication.AnonymousAuthenticationFilter@3e60c4c8, org.springframework.security.web.session.SessionManagementFilter@685a8ff2, org.springframework.security.web.access.ExceptionTranslationFilter@541a25ba, org.springframework.security.web.access.intercept.FilterSecurityInterceptor@5bada865]
2021-09-16 10:29:59.325  INFO 23836 --- [restartedMain] o.s.b.d.a.OptionalLiveReloadServer       : LiveReload server is running on port 35729
2021-09-16 10:29:59.347  INFO 23836 --- [restartedMain] o.s.b.w.embedded.tomcat.TomcatWebServer  : Tomcat started on port(s): 8080 (http) with context path ''
2021-09-16 10:29:59.349  INFO 23836 --- [restartedMain] o.s.m.s.b.SimpleBrokerMessageHandler     : Starting...
2021-09-16 10:29:59.349  INFO 23836 --- [restartedMain] o.s.m.s.b.SimpleBrokerMessageHandler     : BrokerAvailabilityEvent[available=true, SimpleBrokerMessageHandler [org.springframework.messaging.simp.broker.DefaultSubscriptionRegistry@12158346]]
2021-09-16 10:29:59.349  INFO 23836 --- [restartedMain] o.s.m.s.b.SimpleBrokerMessageHandler     : Started.
2021-09-16 10:29:59.357  INFO 23836 --- [restartedMain] l.e.springchat.SpringChatApplication     : Started SpringChatApplication in 1.403 seconds (JVM running for 2.1)
2021-09-16 10:30:04.589  INFO 23836 --- [SpringApplicationShutdownHook] o.s.m.s.b.SimpleBrokerMessageHandler     : Stopping...
2021-09-16 10:30:04.590  INFO 23836 --- [SpringApplicationShutdownHook] o.s.m.s.b.SimpleBrokerMessageHandler     : BrokerAvailabilityEvent[available=false, SimpleBrokerMessageHandler [org.springframework.messaging.simp.broker.DefaultSubscriptionRegistry@12158346]]
2021-09-16 10:30:04.590  INFO 23836 --- [SpringApplicationShutdownHook] o.s.m.s.b.SimpleBrokerMessageHandler     : Stopped.
2021-09-16 10:30:45.532  INFO 27512 --- [restartedMain] l.e.springchat.SpringChatApplication     : Starting SpringChatApplication using Java 11.0.11 on DESKTOP-KVEM20S with PID 27512 (C:\Users\JoshuaMcCann\IdeaProjects\spring-chat-example\server\target\classes started by JoshuaMcCann in C:\Users\JoshuaMcCann\IdeaProjects\spring-chat-example\server)
2021-09-16 10:30:45.534  INFO 27512 --- [restartedMain] l.e.springchat.SpringChatApplication     : No active profile set, falling back to default profiles: default
2021-09-16 10:30:45.564  INFO 27512 --- [restartedMain] .e.DevToolsPropertyDefaultsPostProcessor : Devtools property defaults active! Set 'spring.devtools.add-properties' to 'false' to disable
2021-09-16 10:30:45.564  INFO 27512 --- [restartedMain] .e.DevToolsPropertyDefaultsPostProcessor : For additional web related logging consider setting the 'logging.level.web' property to 'DEBUG'
2021-09-16 10:30:46.140  INFO 27512 --- [restartedMain] o.s.b.w.embedded.tomcat.TomcatWebServer  : Tomcat initialized with port(s): 8080 (http)
2021-09-16 10:30:46.146  INFO 27512 --- [restartedMain] o.apache.catalina.core.StandardService   : Starting service [Tomcat]
2021-09-16 10:30:46.146  INFO 27512 --- [restartedMain] org.apache.catalina.core.StandardEngine  : Starting Servlet engine: [Apache Tomcat/9.0.52]
2021-09-16 10:30:46.195  INFO 27512 --- [restartedMain] o.a.c.c.C.[Tomcat].[localhost].[/]       : Initializing Spring embedded WebApplicationContext
2021-09-16 10:30:46.195  INFO 27512 --- [restartedMain] w.s.c.ServletWebServerApplicationContext : Root WebApplicationContext: initialization completed in 631 ms
2021-09-16 10:30:46.460  INFO 27512 --- [restartedMain] o.s.b.d.a.OptionalLiveReloadServer       : LiveReload server is running on port 35729
2021-09-16 10:30:46.481  INFO 27512 --- [restartedMain] o.s.b.w.embedded.tomcat.TomcatWebServer  : Tomcat started on port(s): 8080 (http) with context path ''
2021-09-16 10:30:46.483  INFO 27512 --- [restartedMain] o.s.m.s.b.SimpleBrokerMessageHandler     : Starting...
2021-09-16 10:30:46.483  INFO 27512 --- [restartedMain] o.s.m.s.b.SimpleBrokerMessageHandler     : BrokerAvailabilityEvent[available=true, SimpleBrokerMessageHandler [org.springframework.messaging.simp.broker.DefaultSubscriptionRegistry@2dc7229c]]
2021-09-16 10:30:46.484  INFO 27512 --- [restartedMain] o.s.m.s.b.SimpleBrokerMessageHandler     : Started.
2021-09-16 10:30:46.491  INFO 27512 --- [restartedMain] l.e.springchat.SpringChatApplication     : Started SpringChatApplication in 1.242 seconds (JVM running for 1.929)
2021-09-16 10:31:02.253  INFO 27512 --- [http-nio-8080-exec-1] o.a.c.c.C.[Tomcat].[localhost].[/]       : Initializing Spring DispatcherServlet 'dispatcherServlet'
2021-09-16 10:31:02.255  INFO 27512 --- [http-nio-8080-exec-1] o.s.web.servlet.DispatcherServlet        : Initializing Servlet 'dispatcherServlet'
2021-09-16 10:31:02.256  INFO 27512 --- [http-nio-8080-exec-1] o.s.web.servlet.DispatcherServlet        : Completed initialization in 1 ms
2021-09-16 10:31:02.332  INFO 27512 --- [clientOutboundChannel-1] l.e.s.config.WebSocketEventListener      : Received a new web socket connection
2021-09-16 10:31:21.271  INFO 27512 --- [SpringApplicationShutdownHook] o.s.m.s.b.SimpleBrokerMessageHandler     : Stopping...
2021-09-16 10:31:21.271  INFO 27512 --- [SpringApplicationShutdownHook] o.s.m.s.b.SimpleBrokerMessageHandler     : BrokerAvailabilityEvent[available=false, SimpleBrokerMessageHandler [org.springframework.messaging.simp.broker.DefaultSubscriptionRegistry@2dc7229c]]
2021-09-16 10:31:21.271  INFO 27512 --- [SpringApplicationShutdownHook] o.s.m.s.b.SimpleBrokerMessageHandler     : Stopped.
2021-09-16 10:31:39.292  INFO 7624 --- [restartedMain] l.e.springchat.SpringChatApplication     : Starting SpringChatApplication using Java 11.0.11 on DESKTOP-KVEM20S with PID 7624 (C:\Users\JoshuaMcCann\IdeaProjects\spring-chat-example\server\target\classes started by JoshuaMcCann in C:\Users\JoshuaMcCann\IdeaProjects\spring-chat-example\server)
2021-09-16 10:31:39.294  INFO 7624 --- [restartedMain] l.e.springchat.SpringChatApplication     : No active profile set, falling back to default profiles: default
2021-09-16 10:31:39.323  INFO 7624 --- [restartedMain] .e.DevToolsPropertyDefaultsPostProcessor : Devtools property defaults active! Set 'spring.devtools.add-properties' to 'false' to disable
2021-09-16 10:31:39.323  INFO 7624 --- [restartedMain] .e.DevToolsPropertyDefaultsPostProcessor : For additional web related logging consider setting the 'logging.level.web' property to 'DEBUG'
2021-09-16 10:31:39.901  INFO 7624 --- [restartedMain] o.s.b.w.embedded.tomcat.TomcatWebServer  : Tomcat initialized with port(s): 8080 (http)
2021-09-16 10:31:39.907  INFO 7624 --- [restartedMain] o.apache.catalina.core.StandardService   : Starting service [Tomcat]
2021-09-16 10:31:39.907  INFO 7624 --- [restartedMain] org.apache.catalina.core.StandardEngine  : Starting Servlet engine: [Apache Tomcat/9.0.52]
2021-09-16 10:31:39.959  INFO 7624 --- [restartedMain] o.a.c.c.C.[Tomcat].[localhost].[/]       : Initializing Spring embedded WebApplicationContext
2021-09-16 10:31:39.959  INFO 7624 --- [restartedMain] w.s.c.ServletWebServerApplicationContext : Root WebApplicationContext: initialization completed in 635 ms
2021-09-16 10:31:40.240  INFO 7624 --- [restartedMain] o.s.b.d.a.OptionalLiveReloadServer       : LiveReload server is running on port 35729
2021-09-16 10:31:40.261  INFO 7624 --- [restartedMain] o.s.b.w.embedded.tomcat.TomcatWebServer  : Tomcat started on port(s): 8080 (http) with context path ''
2021-09-16 10:31:40.262  INFO 7624 --- [restartedMain] o.s.m.s.b.SimpleBrokerMessageHandler     : Starting...
2021-09-16 10:31:40.263  INFO 7624 --- [restartedMain] o.s.m.s.b.SimpleBrokerMessageHandler     : BrokerAvailabilityEvent[available=true, SimpleBrokerMessageHandler [org.springframework.messaging.simp.broker.DefaultSubscriptionRegistry@223999b3]]
2021-09-16 10:31:40.263  INFO 7624 --- [restartedMain] o.s.m.s.b.SimpleBrokerMessageHandler     : Started.
2021-09-16 10:31:40.269  INFO 7624 --- [restartedMain] l.e.springchat.SpringChatApplication     : Started SpringChatApplication in 1.253 seconds (JVM running for 2.083)
2021-09-16 10:31:48.486  INFO 7624 --- [http-nio-8080-exec-1] o.a.c.c.C.[Tomcat].[localhost].[/]       : Initializing Spring DispatcherServlet 'dispatcherServlet'
2021-09-16 10:31:48.488  INFO 7624 --- [http-nio-8080-exec-1] o.s.web.servlet.DispatcherServlet        : Initializing Servlet 'dispatcherServlet'
2021-09-16 10:31:48.489  INFO 7624 --- [http-nio-8080-exec-1] o.s.web.servlet.DispatcherServlet        : Completed initialization in 0 ms
2021-09-16 10:31:48.562  INFO 7624 --- [clientOutboundChannel-1] l.e.s.config.WebSocketEventListener      : Received a new web socket connection
2021-09-16 10:32:04.702  INFO 7624 --- [SpringApplicationShutdownHook] o.s.m.s.b.SimpleBrokerMessageHandler     : Stopping...
2021-09-16 10:32:04.703  INFO 7624 --- [SpringApplicationShutdownHook] o.s.m.s.b.SimpleBrokerMessageHandler     : BrokerAvailabilityEvent[available=false, SimpleBrokerMessageHandler [org.springframework.messaging.simp.broker.DefaultSubscriptionRegistry@223999b3]]
2021-09-16 10:32:04.703  INFO 7624 --- [SpringApplicationShutdownHook] o.s.m.s.b.SimpleBrokerMessageHandler     : Stopped.
2021-09-16 10:32:15.614  INFO 11084 --- [restartedMain] l.e.springchat.SpringChatApplication     : Starting SpringChatApplication using Java 11.0.11 on DESKTOP-KVEM20S with PID 11084 (C:\Users\JoshuaMcCann\IdeaProjects\spring-chat-example\server\target\classes started by JoshuaMcCann in C:\Users\JoshuaMcCann\IdeaProjects\spring-chat-example\server)
2021-09-16 10:32:15.616  INFO 11084 --- [restartedMain] l.e.springchat.SpringChatApplication     : No active profile set, falling back to default profiles: default
2021-09-16 10:32:15.648  INFO 11084 --- [restartedMain] .e.DevToolsPropertyDefaultsPostProcessor : Devtools property defaults active! Set 'spring.devtools.add-properties' to 'false' to disable
2021-09-16 10:32:15.648  INFO 11084 --- [restartedMain] .e.DevToolsPropertyDefaultsPostProcessor : For additional web related logging consider setting the 'logging.level.web' property to 'DEBUG'
2021-09-16 10:32:16.270  INFO 11084 --- [restartedMain] o.s.b.w.embedded.tomcat.TomcatWebServer  : Tomcat initialized with port(s): 8080 (http)
2021-09-16 10:32:16.276  INFO 11084 --- [restartedMain] o.apache.catalina.core.StandardService   : Starting service [Tomcat]
2021-09-16 10:32:16.276  INFO 11084 --- [restartedMain] org.apache.catalina.core.StandardEngine  : Starting Servlet engine: [Apache Tomcat/9.0.52]
2021-09-16 10:32:16.327  INFO 11084 --- [restartedMain] o.a.c.c.C.[Tomcat].[localhost].[/]       : Initializing Spring embedded WebApplicationContext
2021-09-16 10:32:16.327  INFO 11084 --- [restartedMain] w.s.c.ServletWebServerApplicationContext : Root WebApplicationContext: initialization completed in 678 ms
2021-09-16 10:32:16.591  INFO 11084 --- [restartedMain] .s.s.UserDetailsServiceAutoConfiguration : 

Using generated security password: a46a0b8b-e926-4392-bff8-1a8297d08258

2021-09-16 10:32:16.649  INFO 11084 --- [restartedMain] o.s.s.web.DefaultSecurityFilterChain     : Will secure any request with [org.springframework.security.web.context.request.async.WebAsyncManagerIntegrationFilter@14e676fa, org.springframework.security.web.context.SecurityContextPersistenceFilter@f483d1b, org.springframework.security.web.header.HeaderWriterFilter@6c68a8e5, org.springframework.security.web.csrf.CsrfFilter@5659b64e, org.springframework.security.web.authentication.logout.LogoutFilter@5dd7f757, org.springframework.security.web.authentication.UsernamePasswordAuthenticationFilter@15281f15, org.springframework.security.web.authentication.ui.DefaultLoginPageGeneratingFilter@6df9a9e5, org.springframework.security.web.authentication.ui.DefaultLogoutPageGeneratingFilter@610e0146, org.springframework.security.web.authentication.www.BasicAuthenticationFilter@13243bcb, org.springframework.security.web.savedrequest.RequestCacheAwareFilter@1db4fc4f, org.springframework.security.web.servletapi.SecurityContextHolderAwareRequestFilter@3f406143, org.springframework.security.web.authentication.AnonymousAuthenticationFilter@534684cf, org.springframework.security.web.session.SessionManagementFilter@31fd1715, org.springframework.security.web.access.ExceptionTranslationFilter@266664c8, org.springframework.security.web.access.intercept.FilterSecurityInterceptor@1a043eb1]
2021-09-16 10:32:16.679  INFO 11084 --- [restartedMain] o.s.b.d.a.OptionalLiveReloadServer       : LiveReload server is running on port 35729
2021-09-16 10:32:16.700  INFO 11084 --- [restartedMain] o.s.b.w.embedded.tomcat.TomcatWebServer  : Tomcat started on port(s): 8080 (http) with context path ''
2021-09-16 10:32:16.701  INFO 11084 --- [restartedMain] o.s.m.s.b.SimpleBrokerMessageHandler     : Starting...
2021-09-16 10:32:16.702  INFO 11084 --- [restartedMain] o.s.m.s.b.SimpleBrokerMessageHandler     : BrokerAvailabilityEvent[available=true, SimpleBrokerMessageHandler [org.springframework.messaging.simp.broker.DefaultSubscriptionRegistry@16e49e3e]]
2021-09-16 10:32:16.702  INFO 11084 --- [restartedMain] o.s.m.s.b.SimpleBrokerMessageHandler     : Started.
2021-09-16 10:32:16.709  INFO 11084 --- [restartedMain] l.e.springchat.SpringChatApplication     : Started SpringChatApplication in 1.389 seconds (JVM running for 2.251)
2021-09-16 10:32:20.025  INFO 11084 --- [http-nio-8080-exec-1] o.a.c.c.C.[Tomcat].[localhost].[/]       : Initializing Spring DispatcherServlet 'dispatcherServlet'
2021-09-16 10:32:20.026  INFO 11084 --- [http-nio-8080-exec-1] o.s.web.servlet.DispatcherServlet        : Initializing Servlet 'dispatcherServlet'
2021-09-16 10:32:20.027  INFO 11084 --- [http-nio-8080-exec-1] o.s.web.servlet.DispatcherServlet        : Completed initialization in 0 ms
2021-09-16 10:32:20.194  WARN 11084 --- [http-nio-8080-exec-1] o.a.c.util.SessionIdGeneratorBase        : Creation of SecureRandom instance for session ID generation using [SHA1PRNG] took [146] milliseconds.
2021-09-16 10:32:55.704  INFO 11084 --- [SpringApplicationShutdownHook] o.s.m.s.b.SimpleBrokerMessageHandler     : Stopping...
2021-09-16 10:32:55.705  INFO 11084 --- [SpringApplicationShutdownHook] o.s.m.s.b.SimpleBrokerMessageHandler     : BrokerAvailabilityEvent[available=false, SimpleBrokerMessageHandler [org.springframework.messaging.simp.broker.DefaultSubscriptionRegistry@16e49e3e]]
2021-09-16 10:32:55.705  INFO 11084 --- [SpringApplicationShutdownHook] o.s.m.s.b.SimpleBrokerMessageHandler     : Stopped.
2021-09-16 10:33:00.580  INFO 20848 --- [restartedMain] l.e.springchat.SpringChatApplication     : Starting SpringChatApplication using Java 11.0.11 on DESKTOP-KVEM20S with PID 20848 (C:\Users\JoshuaMcCann\IdeaProjects\spring-chat-example\server\target\classes started by JoshuaMcCann in C:\Users\JoshuaMcCann\IdeaProjects\spring-chat-example\server)
2021-09-16 10:33:00.582  INFO 20848 --- [restartedMain] l.e.springchat.SpringChatApplication     : No active profile set, falling back to default profiles: default
2021-09-16 10:33:00.615  INFO 20848 --- [restartedMain] .e.DevToolsPropertyDefaultsPostProcessor : Devtools property defaults active! Set 'spring.devtools.add-properties' to 'false' to disable
2021-09-16 10:33:00.615  INFO 20848 --- [restartedMain] .e.DevToolsPropertyDefaultsPostProcessor : For additional web related logging consider setting the 'logging.level.web' property to 'DEBUG'
2021-09-16 10:33:01.234  INFO 20848 --- [restartedMain] o.s.b.w.embedded.tomcat.TomcatWebServer  : Tomcat initialized with port(s): 8080 (http)
2021-09-16 10:33:01.240  INFO 20848 --- [restartedMain] o.apache.catalina.core.StandardService   : Starting service [Tomcat]
2021-09-16 10:33:01.240  INFO 20848 --- [restartedMain] org.apache.catalina.core.StandardEngine  : Starting Servlet engine: [Apache Tomcat/9.0.52]
2021-09-16 10:33:01.293  INFO 20848 --- [restartedMain] o.a.c.c.C.[Tomcat].[localhost].[/]       : Initializing Spring embedded WebApplicationContext
2021-09-16 10:33:01.293  INFO 20848 --- [restartedMain] w.s.c.ServletWebServerApplicationContext : Root WebApplicationContext: initialization completed in 677 ms
2021-09-16 10:33:01.447  INFO 20848 --- [restartedMain] .s.s.UserDetailsServiceAutoConfiguration : 

Using generated security password: d1f63ff1-7e92-475a-9eb8-61caf319a8a6

2021-09-16 10:33:01.506  INFO 20848 --- [restartedMain] o.s.s.web.DefaultSecurityFilterChain     : Will secure any request with [org.springframework.security.web.context.request.async.WebAsyncManagerIntegrationFilter@1152541f, org.springframework.security.web.context.SecurityContextPersistenceFilter@16eb6f26, org.springframework.security.web.header.HeaderWriterFilter@523ea9a6, org.springframework.security.web.authentication.logout.LogoutFilter@463726c8, org.springframework.security.web.savedrequest.RequestCacheAwareFilter@6a855776, org.springframework.security.web.servletapi.SecurityContextHolderAwareRequestFilter@3e88763d, org.springframework.security.web.authentication.AnonymousAuthenticationFilter@6d6a9212, org.springframework.security.web.session.SessionManagementFilter@235a67dd, org.springframework.security.web.access.ExceptionTranslationFilter@13e55ff3, org.springframework.security.web.access.intercept.FilterSecurityInterceptor@d5167c6, learn.example.springchat.config.JwtAuthenticationFilter@71c7cbfe]
2021-09-16 10:33:01.670  INFO 20848 --- [restartedMain] o.s.b.d.a.OptionalLiveReloadServer       : LiveReload server is running on port 35729
2021-09-16 10:33:01.692  INFO 20848 --- [restartedMain] o.s.b.w.embedded.tomcat.TomcatWebServer  : Tomcat started on port(s): 8080 (http) with context path ''
2021-09-16 10:33:01.693  INFO 20848 --- [restartedMain] o.s.m.s.b.SimpleBrokerMessageHandler     : Starting...
2021-09-16 10:33:01.693  INFO 20848 --- [restartedMain] o.s.m.s.b.SimpleBrokerMessageHandler     : BrokerAvailabilityEvent[available=true, SimpleBrokerMessageHandler [org.springframework.messaging.simp.broker.DefaultSubscriptionRegistry@6b91898d]]
2021-09-16 10:33:01.693  INFO 20848 --- [restartedMain] o.s.m.s.b.SimpleBrokerMessageHandler     : Started.
2021-09-16 10:33:01.701  INFO 20848 --- [restartedMain] l.e.springchat.SpringChatApplication     : Started SpringChatApplication in 1.404 seconds (JVM running for 2.11)
2021-09-16 10:33:05.862  INFO 20848 --- [http-nio-8080-exec-1] o.a.c.c.C.[Tomcat].[localhost].[/]       : Initializing Spring DispatcherServlet 'dispatcherServlet'
2021-09-16 10:33:05.864  INFO 20848 --- [http-nio-8080-exec-1] o.s.web.servlet.DispatcherServlet        : Initializing Servlet 'dispatcherServlet'
2021-09-16 10:33:05.865  INFO 20848 --- [http-nio-8080-exec-1] o.s.web.servlet.DispatcherServlet        : Completed initialization in 1 ms
2021-09-16 10:33:06.003  INFO 20848 --- [clientOutboundChannel-1] l.e.s.config.WebSocketEventListener      : Received a new web socket connection
2021-09-16 10:33:26.872  INFO 20848 --- [clientOutboundChannel-4] l.e.s.config.WebSocketEventListener      : Received a new web socket connection
2021-09-16 10:33:34.188  INFO 20848 --- [SpringApplicationShutdownHook] o.s.m.s.b.SimpleBrokerMessageHandler     : Stopping...
2021-09-16 10:33:34.189  INFO 20848 --- [SpringApplicationShutdownHook] o.s.m.s.b.SimpleBrokerMessageHandler     : BrokerAvailabilityEvent[available=false, SimpleBrokerMessageHandler [org.springframework.messaging.simp.broker.DefaultSubscriptionRegistry@6b91898d]]
2021-09-16 10:33:34.189  INFO 20848 --- [SpringApplicationShutdownHook] o.s.m.s.b.SimpleBrokerMessageHandler     : Stopped.
2021-09-16 10:34:13.948  INFO 6836 --- [restartedMain] l.e.springchat.SpringChatApplication     : Starting SpringChatApplication using Java 11.0.11 on DESKTOP-KVEM20S with PID 6836 (C:\Users\JoshuaMcCann\IdeaProjects\spring-chat-example\server\target\classes started by JoshuaMcCann in C:\Users\JoshuaMcCann\IdeaProjects\spring-chat-example\server)
2021-09-16 10:34:13.950  INFO 6836 --- [restartedMain] l.e.springchat.SpringChatApplication     : No active profile set, falling back to default profiles: default
2021-09-16 10:34:13.979  INFO 6836 --- [restartedMain] .e.DevToolsPropertyDefaultsPostProcessor : Devtools property defaults active! Set 'spring.devtools.add-properties' to 'false' to disable
2021-09-16 10:34:13.979  INFO 6836 --- [restartedMain] .e.DevToolsPropertyDefaultsPostProcessor : For additional web related logging consider setting the 'logging.level.web' property to 'DEBUG'
2021-09-16 10:34:14.612  INFO 6836 --- [restartedMain] o.s.b.w.embedded.tomcat.TomcatWebServer  : Tomcat initialized with port(s): 8080 (http)
2021-09-16 10:34:14.617  INFO 6836 --- [restartedMain] o.apache.catalina.core.StandardService   : Starting service [Tomcat]
2021-09-16 10:34:14.617  INFO 6836 --- [restartedMain] org.apache.catalina.core.StandardEngine  : Starting Servlet engine: [Apache Tomcat/9.0.52]
2021-09-16 10:34:14.678  INFO 6836 --- [restartedMain] o.a.c.c.C.[Tomcat].[localhost].[/]       : Initializing Spring embedded WebApplicationContext
2021-09-16 10:34:14.678  INFO 6836 --- [restartedMain] w.s.c.ServletWebServerApplicationContext : Root WebApplicationContext: initialization completed in 699 ms
2021-09-16 10:34:14.853  INFO 6836 --- [restartedMain] .s.s.UserDetailsServiceAutoConfiguration : 

Using generated security password: 3599c835-36e5-4300-8b6c-4d5531d997aa

2021-09-16 10:34:14.905  INFO 6836 --- [restartedMain] o.s.s.web.DefaultSecurityFilterChain     : Will secure any request with [org.springframework.security.web.context.request.async.WebAsyncManagerIntegrationFilter@60e72df8, org.springframework.security.web.context.SecurityContextPersistenceFilter@720b4177, org.springframework.security.web.header.HeaderWriterFilter@4d69db92, org.springframework.security.web.authentication.logout.LogoutFilter@aa7ac56, org.springframework.security.web.savedrequest.RequestCacheAwareFilter@7e5aa7f4, org.springframework.security.web.servletapi.SecurityContextHolderAwareRequestFilter@37eda569, org.springframework.security.web.authentication.AnonymousAuthenticationFilter@4118148b, org.springframework.security.web.session.SessionManagementFilter@5a70d14a, org.springframework.security.web.access.ExceptionTranslationFilter@677792bb, org.springframework.security.web.access.intercept.FilterSecurityInterceptor@2b76244, learn.example.springchat.config.JwtAuthenticationFilter@37e5b39a]
2021-09-16 10:34:15.068  INFO 6836 --- [restartedMain] o.s.b.d.a.OptionalLiveReloadServer       : LiveReload server is running on port 35729
2021-09-16 10:34:15.090  INFO 6836 --- [restartedMain] o.s.b.w.embedded.tomcat.TomcatWebServer  : Tomcat started on port(s): 8080 (http) with context path ''
2021-09-16 10:34:15.092  INFO 6836 --- [restartedMain] o.s.m.s.b.SimpleBrokerMessageHandler     : Starting...
2021-09-16 10:34:15.092  INFO 6836 --- [restartedMain] o.s.m.s.b.SimpleBrokerMessageHandler     : BrokerAvailabilityEvent[available=true, SimpleBrokerMessageHandler [org.springframework.messaging.simp.broker.DefaultSubscriptionRegistry@40d4e15c]]
2021-09-16 10:34:15.092  INFO 6836 --- [restartedMain] o.s.m.s.b.SimpleBrokerMessageHandler     : Started.
2021-09-16 10:34:15.100  INFO 6836 --- [restartedMain] l.e.springchat.SpringChatApplication     : Started SpringChatApplication in 1.436 seconds (JVM running for 2.135)
2021-09-16 10:34:29.073  INFO 6836 --- [http-nio-8080-exec-1] o.a.c.c.C.[Tomcat].[localhost].[/]       : Initializing Spring DispatcherServlet 'dispatcherServlet'
2021-09-16 10:34:29.075  INFO 6836 --- [http-nio-8080-exec-1] o.s.web.servlet.DispatcherServlet        : Initializing Servlet 'dispatcherServlet'
2021-09-16 10:34:29.076  INFO 6836 --- [http-nio-8080-exec-1] o.s.web.servlet.DispatcherServlet        : Completed initialization in 1 ms
2021-09-16 10:35:14.953  INFO 6836 --- [MessageBroker-2] o.s.w.s.c.WebSocketMessageBrokerStats    : WebSocketSession[0 current WS(0)-HttpStream(0)-HttpPoll(0), 2 total, 0 closed abnormally (0 connect failure, 0 send limit, 0 transport error)], stompSubProtocol[processed CONNECT(2)-CONNECTED(0)-DISCONNECT(0)], stompBrokerRelay[null], inboundChannel[pool size = 6, active threads = 0, queued tasks = 0, completed tasks = 6], outboundChannel[pool size = 2, active threads = 0, queued tasks = 0, completed tasks = 2], sockJsScheduler[pool size = 12, active threads = 1, queued tasks = 1, completed tasks = 10]
2021-09-16 10:37:08.506  INFO 6836 --- [SpringApplicationShutdownHook] o.s.m.s.b.SimpleBrokerMessageHandler     : Stopping...
2021-09-16 10:37:08.507  INFO 6836 --- [SpringApplicationShutdownHook] o.s.m.s.b.SimpleBrokerMessageHandler     : BrokerAvailabilityEvent[available=false, SimpleBrokerMessageHandler [org.springframework.messaging.simp.broker.DefaultSubscriptionRegistry@40d4e15c]]
2021-09-16 10:37:08.507  INFO 6836 --- [SpringApplicationShutdownHook] o.s.m.s.b.SimpleBrokerMessageHandler     : Stopped.
2021-09-16 10:37:11.784  INFO 21620 --- [restartedMain] l.e.springchat.SpringChatApplication     : Starting SpringChatApplication using Java 11.0.11 on DESKTOP-KVEM20S with PID 21620 (C:\Users\JoshuaMcCann\IdeaProjects\spring-chat-example\server\target\classes started by JoshuaMcCann in C:\Users\JoshuaMcCann\IdeaProjects\spring-chat-example\server)
2021-09-16 10:37:11.786  INFO 21620 --- [restartedMain] l.e.springchat.SpringChatApplication     : No active profile set, falling back to default profiles: default
2021-09-16 10:37:11.816  INFO 21620 --- [restartedMain] .e.DevToolsPropertyDefaultsPostProcessor : Devtools property defaults active! Set 'spring.devtools.add-properties' to 'false' to disable
2021-09-16 10:37:11.817  INFO 21620 --- [restartedMain] .e.DevToolsPropertyDefaultsPostProcessor : For additional web related logging consider setting the 'logging.level.web' property to 'DEBUG'
2021-09-16 10:37:12.448  INFO 21620 --- [restartedMain] o.s.b.w.embedded.tomcat.TomcatWebServer  : Tomcat initialized with port(s): 8080 (http)
2021-09-16 10:37:12.454  INFO 21620 --- [restartedMain] o.apache.catalina.core.StandardService   : Starting service [Tomcat]
2021-09-16 10:37:12.454  INFO 21620 --- [restartedMain] org.apache.catalina.core.StandardEngine  : Starting Servlet engine: [Apache Tomcat/9.0.52]
2021-09-16 10:37:12.505  INFO 21620 --- [restartedMain] o.a.c.c.C.[Tomcat].[localhost].[/]       : Initializing Spring embedded WebApplicationContext
2021-09-16 10:37:12.505  INFO 21620 --- [restartedMain] w.s.c.ServletWebServerApplicationContext : Root WebApplicationContext: initialization completed in 688 ms
2021-09-16 10:37:12.675  INFO 21620 --- [restartedMain] .s.s.UserDetailsServiceAutoConfiguration : 

Using generated security password: 5aa49f5c-fdf8-4f80-93d2-32bb1ea9a56c

2021-09-16 10:37:12.729  INFO 21620 --- [restartedMain] o.s.s.web.DefaultSecurityFilterChain     : Will secure any request with [org.springframework.security.web.context.request.async.WebAsyncManagerIntegrationFilter@53f5acd2, org.springframework.security.web.context.SecurityContextPersistenceFilter@2bc900ef, org.springframework.security.web.header.HeaderWriterFilter@228c78a1, org.springframework.security.web.authentication.logout.LogoutFilter@641a47b4, org.springframework.security.web.savedrequest.RequestCacheAwareFilter@14d4031a, org.springframework.security.web.servletapi.SecurityContextHolderAwareRequestFilter@5235ad8e, org.springframework.security.web.authentication.AnonymousAuthenticationFilter@176150b3, org.springframework.security.web.session.SessionManagementFilter@73d6ff4c, org.springframework.security.web.access.ExceptionTranslationFilter@19aa86e3, org.springframework.security.web.access.intercept.FilterSecurityInterceptor@5467064b, learn.example.springchat.config.JwtAuthenticationFilter@83c6ff9]
2021-09-16 10:37:12.889  INFO 21620 --- [restartedMain] o.s.b.d.a.OptionalLiveReloadServer       : LiveReload server is running on port 35729
2021-09-16 10:37:12.914  INFO 21620 --- [restartedMain] o.s.b.w.embedded.tomcat.TomcatWebServer  : Tomcat started on port(s): 8080 (http) with context path ''
2021-09-16 10:37:12.915  INFO 21620 --- [restartedMain] o.s.m.s.b.SimpleBrokerMessageHandler     : Starting...
2021-09-16 10:37:12.916  INFO 21620 --- [restartedMain] o.s.m.s.b.SimpleBrokerMessageHandler     : BrokerAvailabilityEvent[available=true, SimpleBrokerMessageHandler [org.springframework.messaging.simp.broker.DefaultSubscriptionRegistry@3b28c1c5]]
2021-09-16 10:37:12.916  INFO 21620 --- [restartedMain] o.s.m.s.b.SimpleBrokerMessageHandler     : Started.
2021-09-16 10:37:12.925  INFO 21620 --- [restartedMain] l.e.springchat.SpringChatApplication     : Started SpringChatApplication in 1.425 seconds (JVM running for 2.129)
2021-09-16 10:37:19.729  INFO 21620 --- [SpringApplicationShutdownHook] o.s.m.s.b.SimpleBrokerMessageHandler     : Stopping...
2021-09-16 10:37:19.729  INFO 21620 --- [SpringApplicationShutdownHook] o.s.m.s.b.SimpleBrokerMessageHandler     : BrokerAvailabilityEvent[available=false, SimpleBrokerMessageHandler [org.springframework.messaging.simp.broker.DefaultSubscriptionRegistry@3b28c1c5]]
2021-09-16 10:37:19.729  INFO 21620 --- [SpringApplicationShutdownHook] o.s.m.s.b.SimpleBrokerMessageHandler     : Stopped.
2021-09-16 10:37:23.038  INFO 27704 --- [restartedMain] l.e.springchat.SpringChatApplication     : Starting SpringChatApplication using Java 11.0.11 on DESKTOP-KVEM20S with PID 27704 (C:\Users\JoshuaMcCann\IdeaProjects\spring-chat-example\server\target\classes started by JoshuaMcCann in C:\Users\JoshuaMcCann\IdeaProjects\spring-chat-example\server)
2021-09-16 10:37:23.040  INFO 27704 --- [restartedMain] l.e.springchat.SpringChatApplication     : No active profile set, falling back to default profiles: default
2021-09-16 10:37:23.075  INFO 27704 --- [restartedMain] .e.DevToolsPropertyDefaultsPostProcessor : Devtools property defaults active! Set 'spring.devtools.add-properties' to 'false' to disable
2021-09-16 10:37:23.075  INFO 27704 --- [restartedMain] .e.DevToolsPropertyDefaultsPostProcessor : For additional web related logging consider setting the 'logging.level.web' property to 'DEBUG'
2021-09-16 10:37:23.721  INFO 27704 --- [restartedMain] o.s.b.w.embedded.tomcat.TomcatWebServer  : Tomcat initialized with port(s): 8080 (http)
2021-09-16 10:37:23.727  INFO 27704 --- [restartedMain] o.apache.catalina.core.StandardService   : Starting service [Tomcat]
2021-09-16 10:37:23.727  INFO 27704 --- [restartedMain] org.apache.catalina.core.StandardEngine  : Starting Servlet engine: [Apache Tomcat/9.0.52]
2021-09-16 10:37:23.779  INFO 27704 --- [restartedMain] o.a.c.c.C.[Tomcat].[localhost].[/]       : Initializing Spring embedded WebApplicationContext
2021-09-16 10:37:23.780  INFO 27704 --- [restartedMain] w.s.c.ServletWebServerApplicationContext : Root WebApplicationContext: initialization completed in 705 ms
2021-09-16 10:37:23.949  INFO 27704 --- [restartedMain] .s.s.UserDetailsServiceAutoConfiguration : 

Using generated security password: 29542a81-c915-4629-8163-9c95eb98f6f3

2021-09-16 10:37:23.999  INFO 27704 --- [restartedMain] o.s.s.web.DefaultSecurityFilterChain     : Will secure any request with [org.springframework.security.web.context.request.async.WebAsyncManagerIntegrationFilter@6b545744, org.springframework.security.web.context.SecurityContextPersistenceFilter@3d482352, org.springframework.security.web.header.HeaderWriterFilter@65abbb0f, org.springframework.security.web.authentication.logout.LogoutFilter@ad8b933, org.springframework.security.web.savedrequest.RequestCacheAwareFilter@1e12bcf6, org.springframework.security.web.servletapi.SecurityContextHolderAwareRequestFilter@33f1953e, org.springframework.security.web.authentication.AnonymousAuthenticationFilter@1f3575ed, org.springframework.security.web.session.SessionManagementFilter@57772caf, org.springframework.security.web.access.ExceptionTranslationFilter@2b68729, org.springframework.security.web.access.intercept.FilterSecurityInterceptor@1a50281d, learn.example.springchat.config.JwtAuthenticationFilter@416d87d0]
2021-09-16 10:37:24.163  INFO 27704 --- [restartedMain] o.s.b.d.a.OptionalLiveReloadServer       : LiveReload server is running on port 35729
2021-09-16 10:37:24.186  INFO 27704 --- [restartedMain] o.s.b.w.embedded.tomcat.TomcatWebServer  : Tomcat started on port(s): 8080 (http) with context path ''
2021-09-16 10:37:24.188  INFO 27704 --- [restartedMain] o.s.m.s.b.SimpleBrokerMessageHandler     : Starting...
2021-09-16 10:37:24.188  INFO 27704 --- [restartedMain] o.s.m.s.b.SimpleBrokerMessageHandler     : BrokerAvailabilityEvent[available=true, SimpleBrokerMessageHandler [org.springframework.messaging.simp.broker.DefaultSubscriptionRegistry@276eef95]]
2021-09-16 10:37:24.188  INFO 27704 --- [restartedMain] o.s.m.s.b.SimpleBrokerMessageHandler     : Started.
2021-09-16 10:37:24.197  INFO 27704 --- [restartedMain] l.e.springchat.SpringChatApplication     : Started SpringChatApplication in 1.445 seconds (JVM running for 2.158)
2021-09-16 10:37:49.393  INFO 27704 --- [http-nio-8080-exec-1] o.a.c.c.C.[Tomcat].[localhost].[/]       : Initializing Spring DispatcherServlet 'dispatcherServlet'
2021-09-16 10:37:49.395  INFO 27704 --- [http-nio-8080-exec-1] o.s.web.servlet.DispatcherServlet        : Initializing Servlet 'dispatcherServlet'
2021-09-16 10:37:49.396  INFO 27704 --- [http-nio-8080-exec-1] o.s.web.servlet.DispatcherServlet        : Completed initialization in 1 ms
2021-09-16 10:38:24.045  INFO 27704 --- [MessageBroker-1] o.s.w.s.c.WebSocketMessageBrokerStats    : WebSocketSession[0 current WS(0)-HttpStream(0)-HttpPoll(0), 1 total, 0 closed abnormally (0 connect failure, 0 send limit, 0 transport error)], stompSubProtocol[processed CONNECT(1)-CONNECTED(0)-DISCONNECT(0)], stompBrokerRelay[null], inboundChannel[pool size = 3, active threads = 0, queued tasks = 0, completed tasks = 3], outboundChannel[pool size = 1, active threads = 0, queued tasks = 0, completed tasks = 1], sockJsScheduler[pool size = 11, active threads = 1, queued tasks = 1, completed tasks = 7]
2021-09-16 10:42:53.231  INFO 27704 --- [SpringApplicationShutdownHook] o.s.m.s.b.SimpleBrokerMessageHandler     : Stopping...
2021-09-16 10:42:53.231  INFO 27704 --- [SpringApplicationShutdownHook] o.s.m.s.b.SimpleBrokerMessageHandler     : BrokerAvailabilityEvent[available=false, SimpleBrokerMessageHandler [org.springframework.messaging.simp.broker.DefaultSubscriptionRegistry@276eef95]]
2021-09-16 10:42:53.231  INFO 27704 --- [SpringApplicationShutdownHook] o.s.m.s.b.SimpleBrokerMessageHandler     : Stopped.
2021-09-16 10:42:56.500  INFO 8672 --- [restartedMain] l.e.springchat.SpringChatApplication     : Starting SpringChatApplication using Java 11.0.11 on DESKTOP-KVEM20S with PID 8672 (C:\Users\JoshuaMcCann\IdeaProjects\spring-chat-example\server\target\classes started by JoshuaMcCann in C:\Users\JoshuaMcCann\IdeaProjects\spring-chat-example\server)
2021-09-16 10:42:56.502  INFO 8672 --- [restartedMain] l.e.springchat.SpringChatApplication     : No active profile set, falling back to default profiles: default
2021-09-16 10:42:56.533  INFO 8672 --- [restartedMain] .e.DevToolsPropertyDefaultsPostProcessor : Devtools property defaults active! Set 'spring.devtools.add-properties' to 'false' to disable
2021-09-16 10:42:56.533  INFO 8672 --- [restartedMain] .e.DevToolsPropertyDefaultsPostProcessor : For additional web related logging consider setting the 'logging.level.web' property to 'DEBUG'
2021-09-16 10:42:57.172  INFO 8672 --- [restartedMain] o.s.b.w.embedded.tomcat.TomcatWebServer  : Tomcat initialized with port(s): 8080 (http)
2021-09-16 10:42:57.177  INFO 8672 --- [restartedMain] o.apache.catalina.core.StandardService   : Starting service [Tomcat]
2021-09-16 10:42:57.177  INFO 8672 --- [restartedMain] org.apache.catalina.core.StandardEngine  : Starting Servlet engine: [Apache Tomcat/9.0.52]
2021-09-16 10:42:57.229  INFO 8672 --- [restartedMain] o.a.c.c.C.[Tomcat].[localhost].[/]       : Initializing Spring embedded WebApplicationContext
2021-09-16 10:42:57.229  INFO 8672 --- [restartedMain] w.s.c.ServletWebServerApplicationContext : Root WebApplicationContext: initialization completed in 695 ms
2021-09-16 10:42:57.395  INFO 8672 --- [restartedMain] .s.s.UserDetailsServiceAutoConfiguration : 

Using generated security password: edbeda3d-6cfc-4951-b10c-1e7d5bbb659f

2021-09-16 10:42:57.449  INFO 8672 --- [restartedMain] o.s.s.web.DefaultSecurityFilterChain     : Will secure any request with [org.springframework.security.web.context.request.async.WebAsyncManagerIntegrationFilter@52fc2777, org.springframework.security.web.context.SecurityContextPersistenceFilter@2627c56c, org.springframework.security.web.header.HeaderWriterFilter@6df42378, org.springframework.security.web.authentication.logout.LogoutFilter@36ba59bb, org.springframework.security.web.savedrequest.RequestCacheAwareFilter@65151a14, org.springframework.security.web.servletapi.SecurityContextHolderAwareRequestFilter@993f98c, org.springframework.security.web.authentication.AnonymousAuthenticationFilter@6d41ea9e, org.springframework.security.web.session.SessionManagementFilter@1320bcf2, org.springframework.security.web.access.ExceptionTranslationFilter@4bfd3e2b, org.springframework.security.web.access.intercept.FilterSecurityInterceptor@32df67c8, learn.example.springchat.config.JwtAuthenticationFilter@2a4d6a4]
2021-09-16 10:42:57.629  INFO 8672 --- [restartedMain] o.s.b.d.a.OptionalLiveReloadServer       : LiveReload server is running on port 35729
2021-09-16 10:42:57.654  INFO 8672 --- [restartedMain] o.s.b.w.embedded.tomcat.TomcatWebServer  : Tomcat started on port(s): 8080 (http) with context path ''
2021-09-16 10:42:57.656  INFO 8672 --- [restartedMain] o.s.m.s.b.SimpleBrokerMessageHandler     : Starting...
2021-09-16 10:42:57.657  INFO 8672 --- [restartedMain] o.s.m.s.b.SimpleBrokerMessageHandler     : BrokerAvailabilityEvent[available=true, SimpleBrokerMessageHandler [org.springframework.messaging.simp.broker.DefaultSubscriptionRegistry@1ce58e56]]
2021-09-16 10:42:57.657  INFO 8672 --- [restartedMain] o.s.m.s.b.SimpleBrokerMessageHandler     : Started.
2021-09-16 10:42:57.666  INFO 8672 --- [restartedMain] l.e.springchat.SpringChatApplication     : Started SpringChatApplication in 1.476 seconds (JVM running for 2.161)
2021-09-16 10:43:06.111  INFO 8672 --- [http-nio-8080-exec-1] o.a.c.c.C.[Tomcat].[localhost].[/]       : Initializing Spring DispatcherServlet 'dispatcherServlet'
2021-09-16 10:43:06.113  INFO 8672 --- [http-nio-8080-exec-1] o.s.web.servlet.DispatcherServlet        : Initializing Servlet 'dispatcherServlet'
2021-09-16 10:43:06.113  INFO 8672 --- [http-nio-8080-exec-1] o.s.web.servlet.DispatcherServlet        : Completed initialization in 0 ms
2021-09-16 10:43:55.271  INFO 8672 --- [SpringApplicationShutdownHook] o.s.m.s.b.SimpleBrokerMessageHandler     : Stopping...
2021-09-16 10:43:55.272  INFO 8672 --- [SpringApplicationShutdownHook] o.s.m.s.b.SimpleBrokerMessageHandler     : BrokerAvailabilityEvent[available=false, SimpleBrokerMessageHandler [org.springframework.messaging.simp.broker.DefaultSubscriptionRegistry@1ce58e56]]
2021-09-16 10:43:55.272  INFO 8672 --- [SpringApplicationShutdownHook] o.s.m.s.b.SimpleBrokerMessageHandler     : Stopped.
